<?xml version="1.0" encoding="UTF-8"?>
<!-- Generated by org.testng.reporters.JUnitXMLReporter -->
<testsuite ignored="6" hostname="VanChan" failures="0" tests="2" name="Parabank: Register Test Success Chrome" time="31.892" errors="0" timestamp="2024-04-09T16:04:47 ICT">
  <testcase classname="com.parabanknew.test.RegisterTest" name="testRegisterFull" time="7.201"/>
  <testcase classname="com.parabanknew.test.RegisterTest" name="testRegisterPhoneNoEmpty" time="6.588"/>
  <testcase classname="com.parabanknew.test.RegisterTest" name="testRegisterUsernameEmpty" time="0.0">
    <ignored/>
  </testcase> <!-- testRegisterUsernameEmpty -->
  <testcase classname="com.parabanknew.test.RegisterTest" name="testRegisterRePasswordEmpty" time="0.0">
    <ignored/>
  </testcase> <!-- testRegisterRePasswordEmpty -->
  <testcase classname="com.parabanknew.test.RegisterTest" name="testRegisterPasswordEmpty" time="0.0">
    <ignored/>
  </testcase> <!-- testRegisterPasswordEmpty -->
  <testcase classname="com.parabanknew.test.RegisterTest" name="testRegisterFirstNameEmpty" time="0.0">
    <ignored/>
  </testcase> <!-- testRegisterFirstNameEmpty -->
  <testcase classname="com.parabanknew.test.RegisterTest" name="testRegisterLastNameEmpty" time="0.0">
    <ignored/>
  </testcase> <!-- testRegisterLastNameEmpty -->
  <testcase classname="com.parabanknew.test.RegisterTest" name="testRegisterUsernameExist" time="0.0">
    <ignored/>
  </testcase> <!-- testRegisterUsernameExist -->
</testsuite> <!-- Parabank: Register Test Success Chrome -->
