<?xml version="1.0" encoding="UTF-8"?>
<!-- Generated by org.testng.reporters.JUnitXMLReporter -->
<testsuite ignored="2" hostname="VanChan" failures="0" tests="6" name="Parabank: Register Test Fail" time="63.881" errors="0" timestamp="2024-04-09T15:54:08 ICT">
  <testcase classname="com.parabanknew.test.RegisterTest" name="testRegisterFirstNameEmpty" time="6.783"/>
  <testcase classname="com.parabanknew.test.RegisterTest" name="testRegisterLastNameEmpty" time="9.065"/>
  <testcase classname="com.parabanknew.test.RegisterTest" name="testRegisterRePasswordEmpty" time="6.501"/>
  <testcase classname="com.parabanknew.test.RegisterTest" name="testRegisterUsernameEmpty" time="8.685"/>
  <testcase classname="com.parabanknew.test.RegisterTest" name="testRegisterUsernameExist" time="8.214"/>
  <testcase classname="com.parabanknew.test.RegisterTest" name="testRegisterPasswordEmpty" time="6.482"/>
  <testcase classname="com.parabanknew.test.RegisterTest" name="testRegisterPhoneNoEmpty" time="0.0">
    <ignored/>
  </testcase> <!-- testRegisterPhoneNoEmpty -->
  <testcase classname="com.parabanknew.test.RegisterTest" name="testRegisterFull" time="0.0">
    <ignored/>
  </testcase> <!-- testRegisterFull -->
</testsuite> <!-- Parabank: Register Test Fail -->
