<?xml version="1.0" encoding="UTF-8"?>
<testng-results ignored="0" total="4" passed="4" failed="0" skipped="0">
  <reporter-output>
  </reporter-output>
  <suite started-at="2024-04-09T16:04:15 ICT" name="Suite" finished-at="2024-04-09T16:04:47 ICT" duration-ms="31892">
    <groups>
      <group name="success">
        <method signature="RegisterTest.testRegisterFull()[pri:0, instance:com.parabanknew.test.RegisterTest@644baf4a]" name="testRegisterFull" class="com.parabanknew.test.RegisterTest"/>
        <method signature="RegisterTest.testRegisterPhoneNoEmpty()[pri:0, instance:com.parabanknew.test.RegisterTest@644baf4a]" name="testRegisterPhoneNoEmpty" class="com.parabanknew.test.RegisterTest"/>
        <method signature="RegisterTest.testRegisterFull()[pri:0, instance:com.parabanknew.test.RegisterTest@19932c16]" name="testRegisterFull" class="com.parabanknew.test.RegisterTest"/>
        <method signature="RegisterTest.testRegisterPhoneNoEmpty()[pri:0, instance:com.parabanknew.test.RegisterTest@19932c16]" name="testRegisterPhoneNoEmpty" class="com.parabanknew.test.RegisterTest"/>
      </group> <!-- success -->
    </groups>
    <test started-at="2024-04-09T16:04:15 ICT" name="Parabank: Register Test Success Firefox" finished-at="2024-04-09T16:04:47 ICT" duration-ms="31823">
      <class name="com.parabanknew.test.RegisterTest">
        <test-method is-config="true" signature="setup()[pri:0, instance:com.parabanknew.test.RegisterTest@19932c16]" started-at="2024-04-09T16:04:15 ICT" name="setup" finished-at="2024-04-09T16:04:29 ICT" duration-ms="13965" status="PASS">
          <reporter-output>
          </reporter-output>
        </test-method> <!-- setup -->
        <test-method signature="testRegisterFull()[pri:0, instance:com.parabanknew.test.RegisterTest@19932c16]" started-at="2024-04-09T16:04:29 ICT" name="testRegisterFull" description="Full information" finished-at="2024-04-09T16:04:36 ICT" duration-ms="7033" status="PASS">
          <reporter-output>
          </reporter-output>
        </test-method> <!-- testRegisterFull -->
        <test-method is-config="true" signature="tearDown()[pri:0, instance:com.parabanknew.test.RegisterTest@19932c16]" started-at="2024-04-09T16:04:36 ICT" name="tearDown" finished-at="2024-04-09T16:04:36 ICT" duration-ms="118" status="PASS">
          <reporter-output>
          </reporter-output>
        </test-method> <!-- tearDown -->
        <test-method is-config="true" signature="setup()[pri:0, instance:com.parabanknew.test.RegisterTest@19932c16]" started-at="2024-04-09T16:04:36 ICT" name="setup" finished-at="2024-04-09T16:04:38 ICT" duration-ms="1832" status="PASS">
          <reporter-output>
          </reporter-output>
        </test-method> <!-- setup -->
        <test-method signature="testRegisterPhoneNoEmpty()[pri:0, instance:com.parabanknew.test.RegisterTest@19932c16]" started-at="2024-04-09T16:04:38 ICT" name="testRegisterPhoneNoEmpty" description="PhoneNo is empty" finished-at="2024-04-09T16:04:47 ICT" duration-ms="8685" status="PASS">
          <reporter-output>
          </reporter-output>
        </test-method> <!-- testRegisterPhoneNoEmpty -->
        <test-method is-config="true" signature="tearDown()[pri:0, instance:com.parabanknew.test.RegisterTest@19932c16]" started-at="2024-04-09T16:04:47 ICT" name="tearDown" finished-at="2024-04-09T16:04:47 ICT" duration-ms="84" status="PASS">
          <reporter-output>
          </reporter-output>
        </test-method> <!-- tearDown -->
      </class> <!-- com.parabanknew.test.RegisterTest -->
    </test> <!-- Parabank: Register Test Success Firefox -->
    <test started-at="2024-04-09T16:04:15 ICT" name="Parabank: Register Test Success Chrome" finished-at="2024-04-09T16:04:47 ICT" duration-ms="31892">
      <class name="com.parabanknew.test.RegisterTest">
        <test-method is-config="true" signature="setup()[pri:0, instance:com.parabanknew.test.RegisterTest@644baf4a]" started-at="2024-04-09T16:04:15 ICT" name="setup" finished-at="2024-04-09T16:04:29 ICT" duration-ms="13966" status="PASS">
          <reporter-output>
          </reporter-output>
        </test-method> <!-- setup -->
        <test-method signature="testRegisterFull()[pri:0, instance:com.parabanknew.test.RegisterTest@644baf4a]" started-at="2024-04-09T16:04:29 ICT" name="testRegisterFull" description="Full information" finished-at="2024-04-09T16:04:36 ICT" duration-ms="7201" status="PASS">
          <reporter-output>
          </reporter-output>
        </test-method> <!-- testRegisterFull -->
        <test-method is-config="true" signature="tearDown()[pri:0, instance:com.parabanknew.test.RegisterTest@644baf4a]" started-at="2024-04-09T16:04:36 ICT" name="tearDown" finished-at="2024-04-09T16:04:37 ICT" duration-ms="66" status="PASS">
          <reporter-output>
          </reporter-output>
        </test-method> <!-- tearDown -->
        <test-method is-config="true" signature="setup()[pri:0, instance:com.parabanknew.test.RegisterTest@644baf4a]" started-at="2024-04-09T16:04:37 ICT" name="setup" finished-at="2024-04-09T16:04:40 ICT" duration-ms="3919" status="PASS">
          <reporter-output>
          </reporter-output>
        </test-method> <!-- setup -->
        <test-method signature="testRegisterPhoneNoEmpty()[pri:0, instance:com.parabanknew.test.RegisterTest@644baf4a]" started-at="2024-04-09T16:04:40 ICT" name="testRegisterPhoneNoEmpty" description="PhoneNo is empty" finished-at="2024-04-09T16:04:47 ICT" duration-ms="6588" status="PASS">
          <reporter-output>
          </reporter-output>
        </test-method> <!-- testRegisterPhoneNoEmpty -->
        <test-method is-config="true" signature="tearDown()[pri:0, instance:com.parabanknew.test.RegisterTest@644baf4a]" started-at="2024-04-09T16:04:47 ICT" name="tearDown" finished-at="2024-04-09T16:04:47 ICT" duration-ms="77" status="PASS">
          <reporter-output>
          </reporter-output>
        </test-method> <!-- tearDown -->
      </class> <!-- com.parabanknew.test.RegisterTest -->
    </test> <!-- Parabank: Register Test Success Chrome -->
  </suite> <!-- Suite -->
</testng-results>
